<?xml version="1.0" encoding="UTF-8"?>
<!-- Generated by org.testng.reporters.JUnitReportReporter -->
<testsuite hostname="DESKTOP-0HV000C" failures="0" tests="2" name="SeleniumFrameworkDesign.Tests.LoginTests" time="12.909" errors="0" timestamp="2022-09-30T13:34:41 CDT" skipped="0">
  <testcase classname="SeleniumFrameworkDesign.Tests.LoginTests" name="verifyIncorrectLoginMessage" time="7.024"/>
  <system-out/>
  <testcase classname="SeleniumFrameworkDesign.Tests.LoginTests" name="verifyCorrectLogin" time="5.885"/>
  <system-out/>
</testsuite> <!-- SeleniumFrameworkDesign.Tests.LoginTests -->
