<?xml version="1.0" encoding="UTF-8"?>
<!-- Generated by org.testng.reporters.JUnitReportReporter -->
<testsuite hostname="DESKTOP-0HV000C" failures="0" tests="2" name="SeleniumFrameworkDesign.Tests.LoginTests" time="13.784" errors="0" timestamp="2022-09-30T15:04:26 CDT" skipped="0">
  <testcase classname="SeleniumFrameworkDesign.Tests.LoginTests" name="verifyCorrectLogin" time="6.275"/>
  <system-out/>
  <testcase classname="SeleniumFrameworkDesign.Tests.LoginTests" name="verifyIncorrectLoginMessage" time="7.509"/>
  <system-out/>
</testsuite> <!-- SeleniumFrameworkDesign.Tests.LoginTests -->
