<?xml version="1.0" encoding="UTF-8"?>
<!-- Generated by org.testng.reporters.JUnitReportReporter -->
<testsuite hostname="DESKTOP-GDB468S" failures="0" tests="7" name="SeleniumFrameworkDesign.Runners.runner" time="48.483" errors="0" timestamp="2022-10-06T12:28:09 CDT" skipped="0">
  <testcase classname="SeleniumFrameworkDesign.Runners.runner" name="runScenario" time="6.574"/>
  <system-out/>
  <testcase classname="SeleniumFrameworkDesign.Runners.runner" name="runScenario" time="5.177"/>
  <system-out/>
  <testcase classname="SeleniumFrameworkDesign.Runners.runner" name="runScenario" time="5.210"/>
  <system-out/>
  <testcase classname="SeleniumFrameworkDesign.Runners.runner" name="runScenario" time="8.751"/>
  <system-out/>
  <testcase classname="SeleniumFrameworkDesign.Runners.runner" name="runScenario" time="5.284"/>
  <system-out/>
  <testcase classname="SeleniumFrameworkDesign.Runners.runner" name="runScenario" time="8.592"/>
  <system-out/>
  <testcase classname="SeleniumFrameworkDesign.Runners.runner" name="runScenario" time="8.895"/>
  <system-out/>
</testsuite> <!-- SeleniumFrameworkDesign.Runners.runner -->
