<?xml version="1.0" encoding="UTF-8"?>
<!-- Generated by org.testng.reporters.JUnitReportReporter -->
<testsuite hostname="DESKTOP-GDB468S" failures="0" tests="2" name="SeleniumFrameworkDesign.Tests.StandaloneTestWithDesignPattern" time="15.676" errors="0" timestamp="2022-10-04T11:42:01 CDT" skipped="0">
  <testcase classname="SeleniumFrameworkDesign.Tests.StandaloneTestWithDesignPattern" name="placeOrder" time="8.629"/>
  <system-out/>
  <testcase classname="SeleniumFrameworkDesign.Tests.StandaloneTestWithDesignPattern" name="verifyOrders" time="7.047"/>
  <system-out/>
</testsuite> <!-- SeleniumFrameworkDesign.Tests.StandaloneTestWithDesignPattern -->
