<?xml version="1.0" encoding="UTF-8"?>
<!-- Generated by org.testng.reporters.JUnitReportReporter -->
<testsuite hostname="DESKTOP-0HV000C" failures="0" tests="2" name="SeleniumFrameworkDesign.Tests.StandaloneTestWithDesignPattern" time="17.060" errors="0" timestamp="2022-09-30T14:51:51 CDT" skipped="0">
  <testcase classname="SeleniumFrameworkDesign.Tests.StandaloneTestWithDesignPattern" name="verifyOrders" time="6.232"/>
  <system-out/>
  <testcase classname="SeleniumFrameworkDesign.Tests.StandaloneTestWithDesignPattern" name="placeOrder" time="10.828"/>
  <system-out/>
</testsuite> <!-- SeleniumFrameworkDesign.Tests.StandaloneTestWithDesignPattern -->
