<?xml version="1.0" encoding="UTF-8"?>
<!-- Generated by org.testng.reporters.JUnitReportReporter -->
<testsuite hostname="DESKTOP-GDB468S" failures="0" tests="4" name="SeleniumFrameworkDesign.Tests.LoginTests" time="21.915" errors="0" timestamp="2022-10-04T11:42:01 CDT" skipped="0">
  <testcase classname="SeleniumFrameworkDesign.Tests.LoginTests" name="verifyCorrectLogin" time="6.706"/>
  <system-out/>
  <testcase classname="SeleniumFrameworkDesign.Tests.LoginTests" name="verifyIncorrectLoginMessage" time="5.033"/>
  <system-out/>
  <testcase classname="SeleniumFrameworkDesign.Tests.LoginTests" name="verifyIncorrectLoginMessage" time="5.026"/>
  <system-out/>
  <testcase classname="SeleniumFrameworkDesign.Tests.LoginTests" name="verifyCorrectLogin" time="5.150"/>
  <system-out/>
</testsuite> <!-- SeleniumFrameworkDesign.Tests.LoginTests -->
