<?xml version="1.0" encoding="UTF-8"?>
<!-- Generated by org.testng.reporters.JUnitReportReporter -->
<testsuite hostname="DESKTOP-GDB468S" failures="0" tests="3" name="SeleniumFrameworkDesign.Runners.runner" time="28.015" errors="0" timestamp="2022-10-05T14:51:57 CDT" skipped="0">
  <testcase classname="SeleniumFrameworkDesign.Runners.runner" name="runScenario" time="10.422"/>
  <system-out/>
  <testcase classname="SeleniumFrameworkDesign.Runners.runner" name="runScenario" time="8.785"/>
  <system-out/>
  <testcase classname="SeleniumFrameworkDesign.Runners.runner" name="runScenario" time="8.808"/>
  <system-out/>
</testsuite> <!-- SeleniumFrameworkDesign.Runners.runner -->
