<?xml version="1.0" encoding="UTF-8"?>
<!-- Generated by org.testng.reporters.JUnitReportReporter -->
<testsuite hostname="DESKTOP-GDB468S" failures="0" tests="4" name="SeleniumFrameworkDesign.Tests.LoginTests" time="22.897" errors="0" timestamp="2022-10-04T12:40:20 CDT" skipped="0">
  <testcase classname="SeleniumFrameworkDesign.Tests.LoginTests" name="verifyCorrectLogin" time="7.460"/>
  <system-out/>
  <testcase classname="SeleniumFrameworkDesign.Tests.LoginTests" name="verifyIncorrectLoginMessage" time="5.123"/>
  <system-out/>
  <testcase classname="SeleniumFrameworkDesign.Tests.LoginTests" name="verifyIncorrectLoginMessage" time="5.199"/>
  <system-out/>
  <testcase classname="SeleniumFrameworkDesign.Tests.LoginTests" name="verifyCorrectLogin" time="5.115"/>
  <system-out/>
</testsuite> <!-- SeleniumFrameworkDesign.Tests.LoginTests -->
