<?xml version="1.0" encoding="UTF-8"?>
<!-- Generated by org.testng.reporters.JUnitReportReporter -->
<testsuite hostname="DESKTOP-0HV000C" failures="0" tests="2" name="SeleniumFrameworkDesign.Tests.StandaloneTestWithDesignPattern" time="17.197" errors="0" timestamp="2022-09-30T15:04:26 CDT" skipped="0">
  <testcase classname="SeleniumFrameworkDesign.Tests.StandaloneTestWithDesignPattern" name="verifyOrders" time="7.800"/>
  <system-out/>
  <testcase classname="SeleniumFrameworkDesign.Tests.StandaloneTestWithDesignPattern" name="placeOrder" time="9.397"/>
  <system-out/>
</testsuite> <!-- SeleniumFrameworkDesign.Tests.StandaloneTestWithDesignPattern -->
