<?xml version="1.0" encoding="UTF-8"?>
<!-- Generated by org.testng.reporters.JUnitReportReporter -->
<testsuite hostname="DESKTOP-GDB468S" failures="0" tests="6" name="SeleniumFrameworkDesign.Tests.LoginTests" time="32.255" errors="0" timestamp="2022-10-03T10:26:53 CDT" skipped="0">
  <testcase classname="SeleniumFrameworkDesign.Tests.LoginTests" name="verifyIncorrectLoginMessage" time="5.195"/>
  <system-out/>
  <testcase classname="SeleniumFrameworkDesign.Tests.LoginTests" name="verifyCorrectLogin" time="5.170"/>
  <system-out/>
  <testcase classname="SeleniumFrameworkDesign.Tests.LoginTests" name="verifyCorrectLogin" time="5.250"/>
  <system-out/>
  <testcase classname="SeleniumFrameworkDesign.Tests.LoginTests" name="verifyIncorrectLoginMessage" time="6.382"/>
  <system-out/>
  <testcase classname="SeleniumFrameworkDesign.Tests.LoginTests" name="verifyCorrectLogin" time="5.211"/>
  <system-out/>
  <testcase classname="SeleniumFrameworkDesign.Tests.LoginTests" name="verifyIncorrectLoginMessage" time="5.047"/>
  <system-out/>
</testsuite> <!-- SeleniumFrameworkDesign.Tests.LoginTests -->
