<?xml version="1.0" encoding="UTF-8"?>
<!-- Generated by org.testng.reporters.JUnitReportReporter -->
<testsuite hostname="DESKTOP-GDB468S" failures="0" tests="2" name="SeleniumFrameworkDesign.Tests.StandaloneTestWithDesignPattern" time="16.465" errors="0" timestamp="2022-10-04T12:40:20 CDT" skipped="0">
  <testcase classname="SeleniumFrameworkDesign.Tests.StandaloneTestWithDesignPattern" name="placeOrder" time="10.935"/>
  <system-out/>
  <testcase classname="SeleniumFrameworkDesign.Tests.StandaloneTestWithDesignPattern" name="verifyOrders" time="5.530"/>
  <system-out/>
</testsuite> <!-- SeleniumFrameworkDesign.Tests.StandaloneTestWithDesignPattern -->
