<?xml version="1.0" encoding="UTF-8"?>
<!-- Generated by org.testng.reporters.JUnitReportReporter -->
<testsuite hostname="DESKTOP-GDB468S" failures="0" tests="2" name="SeleniumFrameworkDesign.Tests.StandaloneTestWithDesignPattern" time="16.549" errors="0" timestamp="2022-10-03T09:38:55 CDT" skipped="0">
  <testcase classname="SeleniumFrameworkDesign.Tests.StandaloneTestWithDesignPattern" name="placeOrder" time="8.903"/>
  <system-out/>
  <testcase classname="SeleniumFrameworkDesign.Tests.StandaloneTestWithDesignPattern" name="verifyOrders" time="7.646"/>
  <system-out/>
</testsuite> <!-- SeleniumFrameworkDesign.Tests.StandaloneTestWithDesignPattern -->
