<?xml version="1.0" encoding="UTF-8"?>
<!-- Generated by org.testng.reporters.JUnitReportReporter -->
<testsuite hostname="DESKTOP-0HV000C" failures="0" tests="2" name="Lessons.TestNgClass1" time="0.020" errors="0" timestamp="2022-09-27T10:05:52 CDT" skipped="0">
  <testcase classname="Lessons.TestNgClass1" name="test4" time="0.002"/>
  <system-out/>
  <testcase classname="Lessons.TestNgClass1" name="test1" time="0.018"/>
  <system-out/>
</testsuite> <!-- Lessons.TestNgClass1 -->
