<?xml version="1.0" encoding="UTF-8"?>
<!-- Generated by org.testng.reporters.JUnitReportReporter -->
<testsuite hostname="DESKTOP-0HV000C" failures="0" tests="2" name="Lessons.TestNgClass1" time="0.015" errors="0" timestamp="2022-09-27T09:36:47 CDT" skipped="0">
  <testcase classname="Lessons.TestNgClass1" name="test4" time="0.005"/>
  <system-out/>
  <testcase classname="Lessons.TestNgClass1" name="test1" time="0.010"/>
  <system-out/>
</testsuite> <!-- Lessons.TestNgClass1 -->
