<?xml version="1.0" encoding="UTF-8"?>
<!-- Generated by org.testng.reporters.JUnitReportReporter -->
<testsuite hostname="DESKTOP-0HV000C" failures="0" tests="3" name="Lessons.DataProviderExample" time="0.012" errors="0" timestamp="2022-09-27T12:29:36 CDT" skipped="0">
  <testcase classname="Lessons.DataProviderExample" name="test1" time="0.009"/>
  <system-out/>
  <testcase classname="Lessons.DataProviderExample" name="test1" time="0.002"/>
  <system-out/>
  <testcase classname="Lessons.DataProviderExample" name="test1" time="0.001"/>
  <system-out/>
</testsuite> <!-- Lessons.DataProviderExample -->
